D:\Study\C\study\test\day1\day1\Debug\cl.command.1.tlog
D:\Study\C\study\test\day1\day1\Debug\CL.read.1.tlog
D:\Study\C\study\test\day1\day1\Debug\CL.write.1.tlog
D:\STUDY\C\STUDY\TEST\DAY1\DAY1\DEBUG\DAY1.EXE.INTERMEDIATE.MANIFEST
D:\Study\C\study\test\day1\day1\Debug\day1.vcxprojResolveAssemblyReference.cache
D:\Study\C\study\test\day1\day1\Debug\day1.write.1.tlog
D:\Study\C\study\test\day1\day1\Debug\link.command.1.tlog
D:\Study\C\study\test\day1\day1\Debug\link.read.1.tlog
D:\Study\C\study\test\day1\day1\Debug\link.write.1.tlog
D:\Study\C\study\test\day1\day1\Debug\mt.command.1.tlog
D:\Study\C\study\test\day1\day1\Debug\mt.read.1.tlog
D:\Study\C\study\test\day1\day1\Debug\mt.write.1.tlog
D:\STUDY\C\STUDY\TEST\DAY1\DAY1\DEBUG\SUM.OBJ
D:\STUDY\C\STUDY\TEST\DAY1\DAY1\DEBUG\TEST.OBJ
D:\STUDY\C\STUDY\TEST\DAY1\DAY1\DEBUG\TEST1.OBJ
D:\Study\C\study\test\day1\day1\Debug\vc100.idb
D:\STUDY\C\STUDY\TEST\DAY1\DAY1\DEBUG\VC100.PDB
D:\STUDY\C\STUDY\TEST\DAY1\DEBUG\DAY1.EXE
D:\STUDY\C\STUDY\TEST\DAY1\DEBUG\DAY1.ILK
D:\STUDY\C\STUDY\TEST\DAY1\DEBUG\DAY1.PDB
