生成启动时间为 2021/11/6 16:28:08。
     1>项目“D:\Study\C\study\test\P4\P4\P4.vcxproj”在节点 2 上(build 个目标)。
     1>PrepareForBuild:
         正在创建目录“D:\Study\C\study\test\P4\x64\Release\”。
       InitializeBuildStatus:
         正在创建“x64\Release\P4.unsuccessfulbuild”，因为已指定“AlwaysCreate”。
       ClCompile:
         E:\Microsoft Visual Studio 10.0\VC\bin\x86_amd64\CL.exe /c /Zi /nologo /W3 /WX- /O2 /Oi /GL /D _MBCS /Gm- /EHsc /MD /GS /Gy /fp:precise /Zc:wchar_t /Zc:forScope /Fo"x64\Release\\" /Fd"x64\Release\vc100.pdb" /Gd /TC /errorReport:prompt test.c
         test.c
       Link:
         E:\Microsoft Visual Studio 10.0\VC\bin\x86_amd64\link.exe /ERRORREPORT:PROMPT /OUT:"D:\Study\C\study\test\P4\x64\Release\P4.exe" /NOLOGO kernel32.lib user32.lib gdi32.lib winspool.lib comdlg32.lib advapi32.lib shell32.lib ole32.lib oleaut32.lib uuid.lib odbc32.lib odbccp32.lib /MANIFEST /ManifestFile:"x64\Release\P4.exe.intermediate.manifest" /MANIFESTUAC:"level='asInvoker' uiAccess='false'" /DEBUG /PDB:"D:\Study\C\study\test\P4\x64\Release\P4.pdb" /OPT:REF /OPT:ICF /LTCG /TLBID:1 /DYNAMICBASE /NXCOMPAT /IMPLIB:"D:\Study\C\study\test\P4\x64\Release\P4.lib" /MACHINE:X64 x64\Release\test.obj
         正在生成代码
         已完成代码的生成
         P4.vcxproj -> D:\Study\C\study\test\P4\x64\Release\P4.exe
       Manifest:
         C:\Program Files (x86)\Microsoft SDKs\Windows\v7.0A\bin\mt.exe /nologo /verbose /outputresource:"D:\Study\C\study\test\P4\x64\Release\P4.exe;#1" /manifest x64\Release\P4.exe.intermediate.manifest
       FinalizeBuildStatus:
         正在删除文件“x64\Release\P4.unsuccessfulbuild”。
         正在对“x64\Release\P4.lastbuildstate”执行 Touch 任务。
     1>已完成生成项目“D:\Study\C\study\test\P4\P4\P4.vcxproj”(build 个目标)的操作。

生成成功。

已用时间 00:00:00.43
